HiLauncherEX/build/outputs/logs/manifest-merger-five_five-dingkai-debug-report.txt
-- Merging decision tree log ---
manifest
ADDED from 91LauncherToolForDZ\HiLauncherEX\AndroidManifest.xml:11:1-2142:12
	package
		ADDED from 91LauncherToolForDZ\HiLauncherEX\AndroidManifest.xml:13:2-40
		INJECTED from 91LauncherToolForDZ\HiLauncherEX\AndroidManifest.xml
		ADDED from 91LauncherToolForDZ\HiLauncherEX\AndroidManifest.xml:13:2-40
		INJECTED from manifest_other\dingkai\AndroidManifest.xml
	android:sharedUserId
		ADDED from 91LauncherToolForDZ\HiLauncherEX\AndroidManifest.xml:14:2-45
		ADDED from 91LauncherToolForDZ\HiLauncherEX\AndroidManifest.xml:14:2-45
	android:versionName
		ADDED from 91LauncherToolForDZ\HiLauncherEX\AndroidManifest.xml:16:2-29
		INJECTED from 91LauncherToolForDZ\HiLauncherEX\AndroidManifest.xml
		ADDED from 91LauncherToolForDZ\HiLauncherEX\AndroidManifest.xml:16:2-29
		INJECTED from manifest_other\dingkai\AndroidManifest.xml
	xmlns:tools
		ADDED from 91LauncherToolForDZ\HiLauncherEX\AndroidManifest.xml:12:2-48
		ADDED from 91LauncherToolForDZ\HiLauncherEX\AndroidManifest.xml:12:2-48
	android:debuggable
		ADDED from 91LauncherToolForDZ\HiLauncherEX\AndroidManifest.xml:17:2-28
		ADDED from 91LauncherToolForDZ\HiLauncherEX\AndroidManifest.xml:17:2-28
	android:versionCode
		ADDED from 91LauncherToolForDZ\HiLauncherEX\AndroidManifest.xml:15:2-28
		INJECTED from 91LauncherToolForDZ\HiLauncherEX\AndroidManifest.xml
		ADDED from 91LauncherToolForDZ\HiLauncherEX\AndroidManifest.xml:15:2-28
		INJECTED from manifest_other\dingkai\AndroidManifest.xml
	xmlns:android
		ADDED from 91LauncherToolForDZ\HiLauncherEX\AndroidManifest.xml:11:11-69
	android:installLocation
		ADDED from 91LauncherToolForDZ\HiLauncherEX\AndroidManifest.xml:18:2-40
		ADDED from 91LauncherToolForDZ\HiLauncherEX\AndroidManifest.xml:18:2-40
uses-sdk
ADDED from 91LauncherToolForDZ\HiLauncherEX\AndroidManifest.xml:20:2-70
MERGED from [com.android.support:multidex:1.0.1] AndroidManifest.xml:18:5-42
MERGED from [91LauncherToolForDZ:MyPhone:unspecified] AndroidManifest.xml:18:5-20:41
MERGED from [91LauncherToolForDZ:Weather_Widget_SDKNEW:unspecified] AndroidManifest.xml:7:5-9:41
MERGED from [91LauncherToolForDZ:ThemeShopV6:unspecified] AndroidManifest.xml:7:5-9:41
MERGED from [91LauncherToolForDZ:CommonLibrary:unspecified] AndroidManifest.xml:7:5-9:41
MERGED from [91LauncherToolForDZ:coreSourceDZ:unspecified] AndroidManifest.xml:7:5-9:41
MERGED from [91LauncherToolForDZ:SohuNewsLib:unspecified] AndroidManifest.xml:11:5-13:41
MERGED from [:dingkai_guidelib-release:] AndroidManifest.xml:7:5-9:41
	android:targetSdkVersion
		ADDED from 91LauncherToolForDZ\HiLauncherEX\AndroidManifest.xml:20:38-67
		INJECTED from 91LauncherToolForDZ\HiLauncherEX\AndroidManifest.xml
		INJECTED from manifest_other\dingkai\AndroidManifest.xml
	android:minSdkVersion
		ADDED from 91LauncherToolForDZ\HiLauncherEX\AndroidManifest.xml:20:12-37
		INJECTED from 91LauncherToolForDZ\HiLauncherEX\AndroidManifest.xml
		INJECTED from manifest_other\dingkai\AndroidManifest.xml
permission#com.android.launcher.permission.INSTALL_SHORTCUT
ADDED from 91LauncherToolForDZ\HiLauncherEX\AndroidManifest.xml:21:2-25:61
	android:label
		ADDED from 91LauncherToolForDZ\HiLauncherEX\AndroidManifest.xml:24:3-51
	android:protectionLevel
		ADDED from 91LauncherToolForDZ\HiLauncherEX\AndroidManifest.xml:23:3-35
	android:permissionGroup
		ADDED from 91LauncherToolForDZ\HiLauncherEX\AndroidManifest.xml:22:3-66
	android:description
		ADDED from 91LauncherToolForDZ\HiLauncherEX\AndroidManifest.xml:25:3-58
	android:name
		ADDED from 91LauncherToolForDZ\HiLauncherEX\AndroidManifest.xml:21:14-77
permission#com.android.launcher.permission.UNINSTALL_SHORTCUT
ADDED from 91LauncherToolForDZ\HiLauncherEX\AndroidManifest.xml:26:2-29:63
	android:label
		ADDED from 91LauncherToolForDZ\HiLauncherEX\AndroidManifest.xml:28:36-86
	android:protectionLevel
		ADDED from 91LauncherToolForDZ\HiLauncherEX\AndroidManifest.xml:28:3-35
	android:permissionGroup
		ADDED from 91LauncherToolForDZ\HiLauncherEX\AndroidManifest.xml:27:3-66
	android:description
		ADDED from 91LauncherToolForDZ\HiLauncherEX\AndroidManifest.xml:29:3-60
	android:name
		ADDED from 91LauncherToolForDZ\HiLauncherEX\AndroidManifest.xml:26:14-79
uses-feature#android.hardware.wifi
ADDED from 91LauncherToolForDZ\HiLauncherEX\AndroidManifest.xml:32:2-55
MERGED from [:dingkai_guidelib-release:] AndroidManifest.xml:11:5-58
	android:name
		ADDED from 91LauncherToolForDZ\HiLauncherEX\AndroidManifest.xml:32:16-52
uses-permission#android.permission.EXPAND_STATUS_BAR
ADDED from 91LauncherToolForDZ\HiLauncherEX\AndroidManifest.xml:35:2-73
	android:name
		ADDED from 91LauncherToolForDZ\HiLauncherEX\AndroidManifest.xml:35:19-70
uses-permission#android.permission.GET_TASKS
ADDED from 91LauncherToolForDZ\HiLauncherEX\AndroidManifest.xml:36:2-65
	android:name
		ADDED from 91LauncherToolForDZ\HiLauncherEX\AndroidManifest.xml:36:19-62
uses-permission#android.permission.SET_WALLPAPER
ADDED from 91LauncherToolForDZ\HiLauncherEX\AndroidManifest.xml:37:2-69
	android:name
		ADDED from 91LauncherToolForDZ\HiLauncherEX\AndroidManifest.xml:37:19-66
uses-permission#android.permission.SET_WALLPAPER_HINTS
ADDED from 91LauncherToolForDZ\HiLauncherEX\AndroidManifest.xml:38:2-75
	android:name
		ADDED from 91LauncherToolForDZ\HiLauncherEX\AndroidManifest.xml:38:19-72
uses-permission#android.permission.VIBRATE
ADDED from 91LauncherToolForDZ\HiLauncherEX\AndroidManifest.xml:39:2-63
	android:name
		ADDED from 91LauncherToolForDZ\HiLauncherEX\AndroidManifest.xml:39:19-60
uses-permission#android.permission.WRITE_SETTINGS
ADDED from 91LauncherToolForDZ\HiLauncherEX\AndroidManifest.xml:40:2-70
	android:name
		ADDED from 91LauncherToolForDZ\HiLauncherEX\AndroidManifest.xml:40:19-67
uses-permission#android.permission.BIND_APPWIDGET
ADDED from 91LauncherToolForDZ\HiLauncherEX\AndroidManifest.xml:41:2-70
	android:name
		ADDED from 91LauncherToolForDZ\HiLauncherEX\AndroidManifest.xml:41:19-67
uses-permission#${applicationId}.permission.READ_SETTINGS
ADDED from 91LauncherToolForDZ\HiLauncherEX\AndroidManifest.xml:42:2-78
	android:name
		ADDED from 91LauncherToolForDZ\HiLauncherEX\AndroidManifest.xml:42:19-75
		INJECTED from 91LauncherToolForDZ\HiLauncherEX\AndroidManifest.xml
uses-permission#${applicationId}.permission.WRITE_SETTINGS
ADDED from 91LauncherToolForDZ\HiLauncherEX\AndroidManifest.xml:43:2-79
	android:name
		ADDED from 91LauncherToolForDZ\HiLauncherEX\AndroidManifest.xml:43:19-76
		INJECTED from 91LauncherToolForDZ\HiLauncherEX\AndroidManifest.xml
uses-permission#android.permission.READ_PHONE_STATE
ADDED from 91LauncherToolForDZ\HiLauncherEX\AndroidManifest.xml:45:2-88
	android:name
		ADDED from 91LauncherToolForDZ\HiLauncherEX\AndroidManifest.xml:45:19-69
uses-permission#android.permission.ACCESS_NETWORK_STATE
ADDED from 91LauncherToolForDZ\HiLauncherEX\AndroidManifest.xml:46:2-92
MERGED from [:dingkai_guidelib-release:] AndroidManifest.xml:15:5-79
	android:name
		ADDED from 91LauncherToolForDZ\HiLauncherEX\AndroidManifest.xml:46:19-73
uses-permission#android.permission.INTERNET
ADDED from 91LauncherToolForDZ\HiLauncherEX\AndroidManifest.xml:47:2-64
MERGED from [:dingkai_guidelib-release:] AndroidManifest.xml:19:5-67
	android:name
		ADDED from 91LauncherToolForDZ\HiLauncherEX\AndroidManifest.xml:47:19-61
uses-permission#android.permission.WRITE_EXTERNAL_STORAGE
ADDED from 91LauncherToolForDZ\HiLauncherEX\AndroidManifest.xml:48:2-78
	android:name
		ADDED from 91LauncherToolForDZ\HiLauncherEX\AndroidManifest.xml:48:19-75
uses-permission#android.permission.MOUNT_UNMOUNT_FILESYSTEMS
ADDED from 91LauncherToolForDZ\HiLauncherEX\AndroidManifest.xml:49:2-81
	android:name
		ADDED from 91LauncherToolForDZ\HiLauncherEX\AndroidManifest.xml:49:19-78
uses-permission#android.permission.CHANGE_WIFI_STATE
ADDED from 91LauncherToolForDZ\HiLauncherEX\AndroidManifest.xml:52:2-73
MERGED from [:dingkai_guidelib-release:] AndroidManifest.xml:14:5-76
	android:name
		ADDED from 91LauncherToolForDZ\HiLauncherEX\AndroidManifest.xml:52:19-70
uses-permission#android.permission.BLUETOOTH
ADDED from 91LauncherToolForDZ\HiLauncherEX\AndroidManifest.xml:53:2-65
	android:name
		ADDED from 91LauncherToolForDZ\HiLauncherEX\AndroidManifest.xml:53:19-62
uses-permission#android.permission.BLUETOOTH_ADMIN
ADDED from 91LauncherToolForDZ\HiLauncherEX\AndroidManifest.xml:54:2-71
	android:name
		ADDED from 91LauncherToolForDZ\HiLauncherEX\AndroidManifest.xml:54:19-68
uses-permission#android.permission.READ_SYNC_SETTINGS
ADDED from 91LauncherToolForDZ\HiLauncherEX\AndroidManifest.xml:55:2-74
	android:name
		ADDED from 91LauncherToolForDZ\HiLauncherEX\AndroidManifest.xml:55:19-71
uses-permission#android.permission.WRITE_SYNC_SETTINGS
ADDED from 91LauncherToolForDZ\HiLauncherEX\AndroidManifest.xml:56:2-75
	android:name
		ADDED from 91LauncherToolForDZ\HiLauncherEX\AndroidManifest.xml:56:19-72
uses-permission#android.permission.ACCESS_WIFI_STATE
ADDED from 91LauncherToolForDZ\HiLauncherEX\AndroidManifest.xml:57:2-73
MERGED from [:dingkai_guidelib-release:] AndroidManifest.xml:16:5-76
	android:name
		ADDED from 91LauncherToolForDZ\HiLauncherEX\AndroidManifest.xml:57:19-70
uses-permission#android.permission.MODIFY_PHONE_STATE
ADDED from 91LauncherToolForDZ\HiLauncherEX\AndroidManifest.xml:58:2-74
	android:name
		ADDED from 91LauncherToolForDZ\HiLauncherEX\AndroidManifest.xml:58:19-71
uses-permission#android.permission.CHANGE_NETWORK_STATE
ADDED from 91LauncherToolForDZ\HiLauncherEX\AndroidManifest.xml:59:2-76
MERGED from [:dingkai_guidelib-release:] AndroidManifest.xml:13:5-79
	android:name
		ADDED from 91LauncherToolForDZ\HiLauncherEX\AndroidManifest.xml:59:19-73
uses-permission#android.permission.WRITE_APN_SETTINGS
ADDED from 91LauncherToolForDZ\HiLauncherEX\AndroidManifest.xml:60:2-74
	android:name
		ADDED from 91LauncherToolForDZ\HiLauncherEX\AndroidManifest.xml:60:19-71
uses-permission#android.permission.BATTERY_STATS
ADDED from 91LauncherToolForDZ\HiLauncherEX\AndroidManifest.xml:61:2-69
	android:name
		ADDED from 91LauncherToolForDZ\HiLauncherEX\AndroidManifest.xml:61:19-66
uses-permission#android.permission.READ_EXTERNAL_STORAGE
ADDED from 91LauncherToolForDZ\HiLauncherEX\AndroidManifest.xml:62:2-77
	android:name
		ADDED from 91LauncherToolForDZ\HiLauncherEX\AndroidManifest.xml:62:19-74
uses-permission#com.android.ContactWidget.permission.READ_SETTINGS
ADDED from 91LauncherToolForDZ\HiLauncherEX\AndroidManifest.xml:65:2-87
	android:name
		ADDED from 91LauncherToolForDZ\HiLauncherEX\AndroidManifest.xml:65:19-84
uses-permission#com.android.ContactWidget.permission.WRITE_SETTINGS
ADDED from 91LauncherToolForDZ\HiLauncherEX\AndroidManifest.xml:66:2-88
	android:name
		ADDED from 91LauncherToolForDZ\HiLauncherEX\AndroidManifest.xml:66:19-85
uses-permission#android.permission.ACCESS_WEATHERCLOCK_PROVIDER
ADDED from 91LauncherToolForDZ\HiLauncherEX\AndroidManifest.xml:69:2-84
	android:name
		ADDED from 91LauncherToolForDZ\HiLauncherEX\AndroidManifest.xml:69:19-81
uses-permission#android.permission.READ_SMS
ADDED from 91LauncherToolForDZ\HiLauncherEX\AndroidManifest.xml:76:2-64
	android:name
		ADDED from 91LauncherToolForDZ\HiLauncherEX\AndroidManifest.xml:76:19-61
uses-permission#android.permission.RECEIVE_BOOT_COMPLETED
ADDED from 91LauncherToolForDZ\HiLauncherEX\AndroidManifest.xml:81:2-78
	android:name
		ADDED from 91LauncherToolForDZ\HiLauncherEX\AndroidManifest.xml:81:19-75
uses-permission#android.permission.CALL_PHONE
ADDED from 91LauncherToolForDZ\HiLauncherEX\AndroidManifest.xml:83:2-66
	android:name
		ADDED from 91LauncherToolForDZ\HiLauncherEX\AndroidManifest.xml:83:19-63
uses-permission#android.permission.SEND_SMS
ADDED from 91LauncherToolForDZ\HiLauncherEX\AndroidManifest.xml:85:2-64
	android:name
		ADDED from 91LauncherToolForDZ\HiLauncherEX\AndroidManifest.xml:85:19-61
uses-permission#android.permission.WAKE_LOCK
ADDED from 91LauncherToolForDZ\HiLauncherEX\AndroidManifest.xml:87:2-65
	android:name
		ADDED from 91LauncherToolForDZ\HiLauncherEX\AndroidManifest.xml:87:19-62
uses-permission#android.permission.RESTART_PACKAGES
ADDED from 91LauncherToolForDZ\HiLauncherEX\AndroidManifest.xml:93:2-72
	android:name
		ADDED from 91LauncherToolForDZ\HiLauncherEX\AndroidManifest.xml:93:19-69
uses-permission#android.permission.KILL_BACKGROUND_PROCESSES
ADDED from 91LauncherToolForDZ\HiLauncherEX\AndroidManifest.xml:94:2-81
	android:name
		ADDED from 91LauncherToolForDZ\HiLauncherEX\AndroidManifest.xml:94:19-78
uses-permission#com.android.browser.permission.READ_HISTORY_BOOKMARKS
ADDED from 91LauncherToolForDZ\HiLauncherEX\AndroidManifest.xml:96:2-90
	android:name
		ADDED from 91LauncherToolForDZ\HiLauncherEX\AndroidManifest.xml:96:19-87
uses-permission#android.permission.GET_PACKAGE_SIZE
ADDED from 91LauncherToolForDZ\HiLauncherEX\AndroidManifest.xml:98:2-72
	android:name
		ADDED from 91LauncherToolForDZ\HiLauncherEX\AndroidManifest.xml:98:19-69
uses-permission#android.permission.CLEAR_APP_CACHE
ADDED from 91LauncherToolForDZ\HiLauncherEX\AndroidManifest.xml:100:2-71
	android:name
		ADDED from 91LauncherToolForDZ\HiLauncherEX\AndroidManifest.xml:100:19-68
uses-permission#com.android.launcher.permission.READ_SETTINGS
ADDED from 91LauncherToolForDZ\HiLauncherEX\AndroidManifest.xml:104:2-82
	android:name
		ADDED from 91LauncherToolForDZ\HiLauncherEX\AndroidManifest.xml:104:19-79
uses-permission#com.htc.launcher.permission.READ_SETTINGS
ADDED from 91LauncherToolForDZ\HiLauncherEX\AndroidManifest.xml:105:2-78
	android:name
		ADDED from 91LauncherToolForDZ\HiLauncherEX\AndroidManifest.xml:105:19-75
uses-permission#com.lge.launcher.permission.READ_SETTINGS
ADDED from 91LauncherToolForDZ\HiLauncherEX\AndroidManifest.xml:106:2-78
	android:name
		ADDED from 91LauncherToolForDZ\HiLauncherEX\AndroidManifest.xml:106:19-75
uses-permission#com.fede.launcher.permission.READ_SETTINGS
ADDED from 91LauncherToolForDZ\HiLauncherEX\AndroidManifest.xml:107:2-79
	android:name
		ADDED from 91LauncherToolForDZ\HiLauncherEX\AndroidManifest.xml:107:19-76
uses-permission#org.adw.launcher.permission.READ_SETTINGS
ADDED from 91LauncherToolForDZ\HiLauncherEX\AndroidManifest.xml:108:2-78
	android:name
		ADDED from 91LauncherToolForDZ\HiLauncherEX\AndroidManifest.xml:108:19-75
uses-permission#org.adwfreak.launcher.permission.READ_SETTINGS
ADDED from 91LauncherToolForDZ\HiLauncherEX\AndroidManifest.xml:109:2-83
	android:name
		ADDED from 91LauncherToolForDZ\HiLauncherEX\AndroidManifest.xml:109:19-80
uses-permission#org.adw.launcher_donut.permission.READ_SETTINGS
ADDED from 91LauncherToolForDZ\HiLauncherEX\AndroidManifest.xml:110:2-84
	android:name
		ADDED from 91LauncherToolForDZ\HiLauncherEX\AndroidManifest.xml:110:19-81
uses-permission#com.tencent.qqlauncher.permission.READ_SETTINGS
ADDED from 91LauncherToolForDZ\HiLauncherEX\AndroidManifest.xml:111:2-84
	android:name
		ADDED from 91LauncherToolForDZ\HiLauncherEX\AndroidManifest.xml:111:19-81
uses-permission#com.android.mylauncher.permission.READ_SETTINGS
ADDED from 91LauncherToolForDZ\HiLauncherEX\AndroidManifest.xml:112:2-84
	android:name
		ADDED from 91LauncherToolForDZ\HiLauncherEX\AndroidManifest.xml:112:19-81
uses-permission#com.huawei.launcher2.permission.READ_SETTINGS
ADDED from 91LauncherToolForDZ\HiLauncherEX\AndroidManifest.xml:113:2-82
	android:name
		ADDED from 91LauncherToolForDZ\HiLauncherEX\AndroidManifest.xml:113:19-79
uses-permission#net.qihoo.launcher.permission.READ_SETTINGS
ADDED from 91LauncherToolForDZ\HiLauncherEX\AndroidManifest.xml:114:2-80
	android:name
		ADDED from 91LauncherToolForDZ\HiLauncherEX\AndroidManifest.xml:114:19-77
uses-permission#com.dianxinos.dxhome.permission.READ_SETTINGS
ADDED from 91LauncherToolForDZ\HiLauncherEX\AndroidManifest.xml:115:2-82
	android:name
		ADDED from 91LauncherToolForDZ\HiLauncherEX\AndroidManifest.xml:115:19-79
uses-permission#android.permission.PERSISTENT_ACTIVITY
ADDED from 91LauncherToolForDZ\HiLauncherEX\AndroidManifest.xml:116:2-75
	android:name
		ADDED from 91LauncherToolForDZ\HiLauncherEX\AndroidManifest.xml:116:19-72
uses-permission#com.huawei.android.launcher.permission.READ_SETTINGS
ADDED from 91LauncherToolForDZ\HiLauncherEX\AndroidManifest.xml:117:2-89
	android:name
		ADDED from 91LauncherToolForDZ\HiLauncherEX\AndroidManifest.xml:117:19-86
uses-permission#com.qihoo360.launcher.permission.READ_SETTINGS
ADDED from 91LauncherToolForDZ\HiLauncherEX\AndroidManifest.xml:118:2-83
	android:name
		ADDED from 91LauncherToolForDZ\HiLauncherEX\AndroidManifest.xml:118:19-80
uses-permission#com.oppo.launcher.permission.READ_SETTINGS
ADDED from 91LauncherToolForDZ\HiLauncherEX\AndroidManifest.xml:119:2-79
	android:name
		ADDED from 91LauncherToolForDZ\HiLauncherEX\AndroidManifest.xml:119:19-76
uses-permission#com.bbk.launcher2.permission.READ_SETTINGS
ADDED from 91LauncherToolForDZ\HiLauncherEX\AndroidManifest.xml:120:2-79
	android:name
		ADDED from 91LauncherToolForDZ\HiLauncherEX\AndroidManifest.xml:120:19-76
uses-permission#com.bbk.launcher2.permission.WRITE_SETTINGS
ADDED from 91LauncherToolForDZ\HiLauncherEX\AndroidManifest.xml:121:2-80
	android:name
		ADDED from 91LauncherToolForDZ\HiLauncherEX\AndroidManifest.xml:121:19-77
uses-permission#com.android.launcher.permission.INSTALL_SHORTCUT
ADDED from 91LauncherToolForDZ\HiLauncherEX\AndroidManifest.xml:123:2-85
	android:name
		ADDED from 91LauncherToolForDZ\HiLauncherEX\AndroidManifest.xml:123:19-82
uses-permission#android.permission.SYSTEM_ALERT_WINDOW
ADDED from 91LauncherToolForDZ\HiLauncherEX\AndroidManifest.xml:125:2-75
	android:name
		ADDED from 91LauncherToolForDZ\HiLauncherEX\AndroidManifest.xml:125:19-72
uses-permission#android.permission.ACCESS_FINE_LOCATION
ADDED from 91LauncherToolForDZ\HiLauncherEX\AndroidManifest.xml:128:2-76
MERGED from [:dingkai_guidelib-release:] AndroidManifest.xml:17:5-79
	android:name
		ADDED from 91LauncherToolForDZ\HiLauncherEX\AndroidManifest.xml:128:19-73
uses-permission#android.permission.ACCESS_COARSE_LOCATION
ADDED from 91LauncherToolForDZ\HiLauncherEX\AndroidManifest.xml:129:2-78
MERGED from [:dingkai_guidelib-release:] AndroidManifest.xml:18:5-81
	android:name
		ADDED from 91LauncherToolForDZ\HiLauncherEX\AndroidManifest.xml:129:19-75
uses-permission#android.permission.READ_LOGS
ADDED from 91LauncherToolForDZ\HiLauncherEX\AndroidManifest.xml:131:2-81
	android:name
		ADDED from 91LauncherToolForDZ\HiLauncherEX\AndroidManifest.xml:131:19-62
uses-permission#android.permission.MODIFY_AUDIO_SETTINGS
ADDED from 91LauncherToolForDZ\HiLauncherEX\AndroidManifest.xml:132:2-93
	android:name
		ADDED from 91LauncherToolForDZ\HiLauncherEX\AndroidManifest.xml:132:19-74
uses-permission#android.permission.PROCESS_OUTGOING_CALLS
ADDED from 91LauncherToolForDZ\HiLauncherEX\AndroidManifest.xml:135:2-78
	android:name
		ADDED from 91LauncherToolForDZ\HiLauncherEX\AndroidManifest.xml:135:19-75
uses-permission#android.permission.RECEIVE_SMS
ADDED from 91LauncherToolForDZ\HiLauncherEX\AndroidManifest.xml:136:2-67
	android:name
		ADDED from 91LauncherToolForDZ\HiLauncherEX\AndroidManifest.xml:136:19-64
uses-permission#android.permission.RECORD_AUDIO
ADDED from 91LauncherToolForDZ\HiLauncherEX\AndroidManifest.xml:139:2-68
	android:name
		ADDED from 91LauncherToolForDZ\HiLauncherEX\AndroidManifest.xml:139:19-65
uses-permission#android.permission.SET_ACTIVITY_WATCHER
ADDED from 91LauncherToolForDZ\HiLauncherEX\AndroidManifest.xml:142:2-76
	android:name
		ADDED from 91LauncherToolForDZ\HiLauncherEX\AndroidManifest.xml:142:19-73
uses-permission#android.permission.BROADCAST_STICKY
ADDED from 91LauncherToolForDZ\HiLauncherEX\AndroidManifest.xml:143:2-72
	android:name
		ADDED from 91LauncherToolForDZ\HiLauncherEX\AndroidManifest.xml:143:19-69
uses-permission#android.permission.INSTALL_PACKAGES
ADDED from 91LauncherToolForDZ\HiLauncherEX\AndroidManifest.xml:144:2-72
	android:name
		ADDED from 91LauncherToolForDZ\HiLauncherEX\AndroidManifest.xml:144:19-69
uses-permission#android.permission.DELETE_PACKAGES
ADDED from 91LauncherToolForDZ\HiLauncherEX\AndroidManifest.xml:145:2-71
	android:name
		ADDED from 91LauncherToolForDZ\HiLauncherEX\AndroidManifest.xml:145:19-68
uses-permission#android.permission.CHANGE_COMPONENT_ENABLED_STATE
ADDED from 91LauncherToolForDZ\HiLauncherEX\AndroidManifest.xml:146:2-86
	android:name
		ADDED from 91LauncherToolForDZ\HiLauncherEX\AndroidManifest.xml:146:19-83
uses-permission#com.baidu.permission.SHARE
ADDED from 91LauncherToolForDZ\HiLauncherEX\AndroidManifest.xml:150:2-63
	android:name
		ADDED from 91LauncherToolForDZ\HiLauncherEX\AndroidManifest.xml:150:19-60
uses-permission#android.permission.DISABLE_KEYGUARD
ADDED from 91LauncherToolForDZ\HiLauncherEX\AndroidManifest.xml:155:2-71
	android:name
		ADDED from 91LauncherToolForDZ\HiLauncherEX\AndroidManifest.xml:155:19-69
uses-permission#android.permission.ACCESS_DOWNLOAD_MANAGER
ADDED from 91LauncherToolForDZ\HiLauncherEX\AndroidManifest.xml:156:2-78
	android:name
		ADDED from 91LauncherToolForDZ\HiLauncherEX\AndroidManifest.xml:156:19-76
uses-permission#android.permission.DOWNLOAD_WITHOUT_NOTIFICATION
ADDED from 91LauncherToolForDZ\HiLauncherEX\AndroidManifest.xml:157:2-85
	android:name
		ADDED from 91LauncherToolForDZ\HiLauncherEX\AndroidManifest.xml:157:19-82
application
ADDED from 91LauncherToolForDZ\HiLauncherEX\AndroidManifest.xml:160:2-2137:16
MERGED from 91LauncherToolForDZ\HiLauncherEX\AndroidManifest.xml:160:2-2137:16
MERGED from [91LauncherToolForDZ:MyPhone:unspecified] AndroidManifest.xml:22:5-23:19
MERGED from [91LauncherToolForDZ:CommonLibrary:unspecified] AndroidManifest.xml:11:5-12:19
MERGED from [:dingkai_guidelib-release:] AndroidManifest.xml:21:5-48:19
	android:label
		ADDED from 91LauncherToolForDZ\HiLauncherEX\AndroidManifest.xml:161:3-43
		ADDED from 91LauncherToolForDZ\HiLauncherEX\AndroidManifest.xml:161:3-43
	android:icon
		ADDED from 91LauncherToolForDZ\HiLauncherEX\AndroidManifest.xml:161:44-73
		ADDED from 91LauncherToolForDZ\HiLauncherEX\AndroidManifest.xml:161:44-73
	android:largeHeap
		ADDED from 91LauncherToolForDZ\HiLauncherEX\AndroidManifest.xml:161:74-98
		ADDED from 91LauncherToolForDZ\HiLauncherEX\AndroidManifest.xml:161:74-98
	android:allowBackup
		ADDED from [:dingkai_guidelib-release:] AndroidManifest.xml:22:9-35
	android:theme
		ADDED from [:dingkai_guidelib-release:] AndroidManifest.xml:23:9-73
	android:name
		ADDED from 91LauncherToolForDZ\HiLauncherEX\AndroidManifest.xml:160:15-79
		ADDED from 91LauncherToolForDZ\HiLauncherEX\AndroidManifest.xml:160:15-79
activity#com.nd.hilauncherdev.launcher.Launcher
ADDED from 91LauncherToolForDZ\HiLauncherEX\AndroidManifest.xml:163:3-177:14
	android:clearTaskOnLaunch
		ADDED from 91LauncherToolForDZ\HiLauncherEX\AndroidManifest.xml:165:36-68
	android:screenOrientation
		ADDED from 91LauncherToolForDZ\HiLauncherEX\AndroidManifest.xml:168:4-40
	android:label
		ADDED from 91LauncherToolForDZ\HiLauncherEX\AndroidManifest.xml:164:4-44
	android:stateNotNeeded
		ADDED from 91LauncherToolForDZ\HiLauncherEX\AndroidManifest.xml:166:4-33
	android:launchMode
		ADDED from 91LauncherToolForDZ\HiLauncherEX\AndroidManifest.xml:165:4-35
	android:windowSoftInputMode
		ADDED from 91LauncherToolForDZ\HiLauncherEX\AndroidManifest.xml:168:41-97
	android:configChanges
		ADDED from 91LauncherToolForDZ\HiLauncherEX\AndroidManifest.xml:167:4-61
	android:theme
		ADDED from 91LauncherToolForDZ\HiLauncherEX\AndroidManifest.xml:166:34-67
	android:name
		ADDED from 91LauncherToolForDZ\HiLauncherEX\AndroidManifest.xml:163:13-66
intent-filter#android.intent.action.MAIN+android.intent.category.DEFAULT+android.intent.category.HOME+android.intent.category.LAUNCHER+android.intent.category.MONKEY+android.intent.category.THIRD_PKG_CHECK
ADDED from 91LauncherToolForDZ\HiLauncherEX\AndroidManifest.xml:169:4-176:20
action#android.intent.action.MAIN
ADDED from 91LauncherToolForDZ\HiLauncherEX\AndroidManifest.xml:170:5-57
	android:name
		ADDED from 91LauncherToolForDZ\HiLauncherEX\AndroidManifest.xml:170:13-54
category#android.intent.category.LAUNCHER
ADDED from 91LauncherToolForDZ\HiLauncherEX\AndroidManifest.xml:171:5-65
	android:name
		ADDED from 91LauncherToolForDZ\HiLauncherEX\AndroidManifest.xml:171:15-62
category#android.intent.category.HOME
ADDED from 91LauncherToolForDZ\HiLauncherEX\AndroidManifest.xml:172:5-61
	android:name
		ADDED from 91LauncherToolForDZ\HiLauncherEX\AndroidManifest.xml:172:15-58
category#android.intent.category.DEFAULT
ADDED from 91LauncherToolForDZ\HiLauncherEX\AndroidManifest.xml:173:5-64
	android:name
		ADDED from 91LauncherToolForDZ\HiLauncherEX\AndroidManifest.xml:173:15-61
category#android.intent.category.MONKEY
ADDED from 91LauncherToolForDZ\HiLauncherEX\AndroidManifest.xml:174:5-63
	android:name
		ADDED from 91LauncherToolForDZ\HiLauncherEX\AndroidManifest.xml:174:15-60
category#android.intent.category.THIRD_PKG_CHECK
ADDED from 91LauncherToolForDZ\HiLauncherEX\AndroidManifest.xml:175:5-72
	android:name
		ADDED from 91LauncherToolForDZ\HiLauncherEX\AndroidManifest.xml:175:15-69
activity#com.nd.android.launcher.Launcher
ADDED from 91LauncherToolForDZ\HiLauncherEX\AndroidManifest.xml:180:3-186:14
	android:clearTaskOnLaunch
		ADDED from 91LauncherToolForDZ\HiLauncherEX\AndroidManifest.xml:181:36-68
	android:screenOrientation
		ADDED from 91LauncherToolForDZ\HiLauncherEX\AndroidManifest.xml:183:4-40
	android:stateNotNeeded
		ADDED from 91LauncherToolForDZ\HiLauncherEX\AndroidManifest.xml:182:4-33
	android:launchMode
		ADDED from 91LauncherToolForDZ\HiLauncherEX\AndroidManifest.xml:181:4-35
	android:exported
		ADDED from 91LauncherToolForDZ\HiLauncherEX\AndroidManifest.xml:182:34-57
	android:windowSoftInputMode
		ADDED from 91LauncherToolForDZ\HiLauncherEX\AndroidManifest.xml:184:4-60
	android:theme
		ADDED from 91LauncherToolForDZ\HiLauncherEX\AndroidManifest.xml:185:4-63
	android:name
		ADDED from 91LauncherToolForDZ\HiLauncherEX\AndroidManifest.xml:180:13-60
receiver#com.nd.hilauncherdev.launcher.InstallAppFromWidgetReceiver
ADDED from 91LauncherToolForDZ\HiLauncherEX\AndroidManifest.xml:189:3-193:14
	android:name
		ADDED from 91LauncherToolForDZ\HiLauncherEX\AndroidManifest.xml:189:13-86
intent-filter#nd.panda.custom.widget.install.action
ADDED from 91LauncherToolForDZ\HiLauncherEX\AndroidManifest.xml:190:4-192:20
action#nd.panda.custom.widget.install.action
ADDED from 91LauncherToolForDZ\HiLauncherEX\AndroidManifest.xml:191:5-68
	android:name
		ADDED from 91LauncherToolForDZ\HiLauncherEX\AndroidManifest.xml:191:13-65
receiver#com.nd.hilauncherdev.launcher.broadcast.InstallShortcutReceiver
ADDED from 91LauncherToolForDZ\HiLauncherEX\AndroidManifest.xml:196:3-202:14
	android:permission
		ADDED from 91LauncherToolForDZ\HiLauncherEX\AndroidManifest.xml:197:4-73
	android:name
		ADDED from 91LauncherToolForDZ\HiLauncherEX\AndroidManifest.xml:196:13-91
intent-filter#com.android.launcher.action.INSTALL_SHORTCUT+com.nd.pandahome.install_shortcut
ADDED from 91LauncherToolForDZ\HiLauncherEX\AndroidManifest.xml:198:4-201:20
action#com.android.launcher.action.INSTALL_SHORTCUT
ADDED from 91LauncherToolForDZ\HiLauncherEX\AndroidManifest.xml:199:5-75
	android:name
		ADDED from 91LauncherToolForDZ\HiLauncherEX\AndroidManifest.xml:199:13-72
action#com.nd.pandahome.install_shortcut
ADDED from 91LauncherToolForDZ\HiLauncherEX\AndroidManifest.xml:200:5-64
	android:name
		ADDED from 91LauncherToolForDZ\HiLauncherEX\AndroidManifest.xml:200:13-61
receiver#com.nd.hilauncherdev.launcher.broadcast.UninstallShortcutReceiver
ADDED from 91LauncherToolForDZ\HiLauncherEX\AndroidManifest.xml:205:3-210:14
	android:permission
		ADDED from 91LauncherToolForDZ\HiLauncherEX\AndroidManifest.xml:206:4-75
	android:name
		ADDED from 91LauncherToolForDZ\HiLauncherEX\AndroidManifest.xml:205:13-93
intent-filter#com.android.launcher.action.UNINSTALL_SHORTCUT
ADDED from 91LauncherToolForDZ\HiLauncherEX\AndroidManifest.xml:207:4-209:20
action#com.android.launcher.action.UNINSTALL_SHORTCUT
ADDED from 91LauncherToolForDZ\HiLauncherEX\AndroidManifest.xml:208:5-77
	android:name
		ADDED from 91LauncherToolForDZ\HiLauncherEX\AndroidManifest.xml:208:13-74
receiver#com.nd.hilauncherdev.datamodel.ApplicationChangeReceiver
ADDED from 91LauncherToolForDZ\HiLauncherEX\AndroidManifest.xml:212:3-219:14
	android:name
		ADDED from 91LauncherToolForDZ\HiLauncherEX\AndroidManifest.xml:212:13-84
intent-filter#android.intent.action.PACKAGE_ADDED+android.intent.action.PACKAGE_CHANGED+android.intent.action.PACKAGE_REMOVED
ADDED from 91LauncherToolForDZ\HiLauncherEX\AndroidManifest.xml:213:4-218:20
action#android.intent.action.PACKAGE_ADDED
ADDED from 91LauncherToolForDZ\HiLauncherEX\AndroidManifest.xml:214:5-66
	android:name
		ADDED from 91LauncherToolForDZ\HiLauncherEX\AndroidManifest.xml:214:13-63
action#android.intent.action.PACKAGE_REMOVED
ADDED from 91LauncherToolForDZ\HiLauncherEX\AndroidManifest.xml:215:5-68
	android:name
		ADDED from 91LauncherToolForDZ\HiLauncherEX\AndroidManifest.xml:215:13-65
action#android.intent.action.PACKAGE_CHANGED
ADDED from 91LauncherToolForDZ\HiLauncherEX\AndroidManifest.xml:216:5-68
	android:name
		ADDED from 91LauncherToolForDZ\HiLauncherEX\AndroidManifest.xml:216:13-65
data
ADDED from 91LauncherToolForDZ\HiLauncherEX\AndroidManifest.xml:217:5-38
	android:scheme
		ADDED from 91LauncherToolForDZ\HiLauncherEX\AndroidManifest.xml:217:11-35
receiver#com.nd.hilauncherdev.plugin.ThemeManageReceiver
ADDED from 91LauncherToolForDZ\HiLauncherEX\AndroidManifest.xml:224:3-228:14
	android:name
		ADDED from 91LauncherToolForDZ\HiLauncherEX\AndroidManifest.xml:224:13-75
intent-filter#com.nd.android.pandahome.manage_theme2
ADDED from 91LauncherToolForDZ\HiLauncherEX\AndroidManifest.xml:225:4-227:20
action#com.nd.android.pandahome.manage_theme2
ADDED from 91LauncherToolForDZ\HiLauncherEX\AndroidManifest.xml:226:5-69
	android:name
		ADDED from 91LauncherToolForDZ\HiLauncherEX\AndroidManifest.xml:226:13-66
activity#com.nd.hilauncherdev.plugin.NoneActivity
ADDED from 91LauncherToolForDZ\HiLauncherEX\AndroidManifest.xml:230:3-236:14
	android:screenOrientation